<?xml version="1.0" encoding="UTF-8"?>
<testng-results ignored="2" total="12" passed="8" failed="2" skipped="0">
  <reporter-output>
    <line>
      <![CDATA[this is the correct URL>>https://www.amazon.ca/]]>
    </line>
    <line>
      <![CDATA[this is the correct Title>>Amazon.ca: Low Prices – Fast Shipping – Millions of Items]]>
    </line>
    <line>
      <![CDATA[this is a valid Create a wishlist page https://www.amazon.ca/hz/wishlist/intro]]>
    </line>
    <line>
      <![CDATA[this is a valid Create a wishlist page https://www.amazon.ca/gp/new-releases/?ref_=nav_cs_newreleases]]>
    </line>
    <line>
      <![CDATA[this is a valid Create a wishlist page https://www.amazon.ca/gp/browse.html?node=17321486011&ref_=footer_cash_ca_en]]>
    </line>
    <line>
      <![CDATA[this is a valid Create a wishlist page https://www.amazon.ca/ap/signin]]>
    </line>
    <line>
      <![CDATA[the login is successful https://www.amazon.ca/ap/signin]]>
    </line>
    <line>
      <![CDATA[this is the actual price$429.00]]>
    </line>
  </reporter-output>
  <suite started-at="2022-02-12T05:44:39 EST" name="Suite" finished-at="2022-02-12T05:45:13 EST" duration-ms="33556">
    <groups>
    </groups>
    <test started-at="2022-02-12T05:44:39 EST" name="Test" finished-at="2022-02-12T05:45:13 EST" duration-ms="33556">
      <class name="test.LoginValidation">
        <test-method signature="validateURL()[pri:1, instance:test.LoginValidation@1ddf84b8]" started-at="2022-02-12T05:44:39 EST" name="validateURL" finished-at="2022-02-12T05:44:39 EST" duration-ms="35" status="PASS">
          <reporter-output>
            <line>
              <![CDATA[this is the correct URL>>https://www.amazon.ca/]]>
            </line>
          </reporter-output>
        </test-method> <!-- validateURL -->
        <test-method signature="validateTitle()[pri:2, instance:test.LoginValidation@1ddf84b8]" started-at="2022-02-12T05:44:39 EST" name="validateTitle" finished-at="2022-02-12T05:44:39 EST" duration-ms="45" status="PASS">
          <reporter-output>
            <line>
              <![CDATA[this is the correct Title>>Amazon.ca: Low Prices – Fast Shipping – Millions of Items]]>
            </line>
          </reporter-output>
        </test-method> <!-- validateTitle -->
        <test-method signature="validateCreateaWishList()[pri:3, instance:test.LoginValidation@1ddf84b8]" started-at="2022-02-12T05:44:39 EST" name="validateCreateaWishList" finished-at="2022-02-12T05:44:41 EST" duration-ms="2029" status="PASS">
          <reporter-output>
            <line>
              <![CDATA[this is a valid Create a wishlist page https://www.amazon.ca/hz/wishlist/intro]]>
            </line>
          </reporter-output>
        </test-method> <!-- validateCreateaWishList -->
        <test-method signature="validateNewReleases()[pri:4, instance:test.LoginValidation@1ddf84b8]" started-at="2022-02-12T05:44:41 EST" name="validateNewReleases" finished-at="2022-02-12T05:44:45 EST" duration-ms="3922" status="PASS">
          <reporter-output>
            <line>
              <![CDATA[this is a valid Create a wishlist page https://www.amazon.ca/gp/new-releases/?ref_=nav_cs_newreleases]]>
            </line>
          </reporter-output>
        </test-method> <!-- validateNewReleases -->
        <test-method signature="validateAmazonCash()[pri:5, instance:test.LoginValidation@1ddf84b8]" started-at="2022-02-12T05:44:45 EST" name="validateAmazonCash" finished-at="2022-02-12T05:44:49 EST" duration-ms="3423" status="PASS">
          <reporter-output>
            <line>
              <![CDATA[this is a valid Create a wishlist page https://www.amazon.ca/gp/browse.html?node=17321486011&ref_=footer_cash_ca_en]]>
            </line>
          </reporter-output>
        </test-method> <!-- validateAmazonCash -->
        <test-method signature="invalidEmailInvalidPassword(java.lang.String,java.lang.String)[pri:6, instance:test.LoginValidation@1ddf84b8]" started-at="2022-02-12T05:44:49 EST" name="invalidEmailInvalidPassword" finished-at="2022-02-12T05:44:53 EST" duration-ms="3768" status="PASS">
          <params>
            <param index="0">
              <value>
                <![CDATA[abcdefg@gmail.com]]>
              </value>
            </param>
            <param index="1">
              <value>
                <![CDATA[abcdefg1234]]>
              </value>
            </param>
          </params>
          <reporter-output>
            <line>
              <![CDATA[this is a valid Create a wishlist page https://www.amazon.ca/ap/signin]]>
            </line>
          </reporter-output>
        </test-method> <!-- invalidEmailInvalidPassword -->
        <test-method signature="validEmailValidPassword(java.lang.String,java.lang.String)[pri:7, instance:test.LoginValidation@1ddf84b8]" started-at="2022-02-12T05:44:53 EST" name="validEmailValidPassword" finished-at="2022-02-12T05:44:56 EST" duration-ms="3894" status="PASS">
          <params>
            <param index="0">
              <value>
                <![CDATA[manjunath020@gmail.com]]>
              </value>
            </param>
            <param index="1">
              <value>
                <![CDATA[Manju1982$]]>
              </value>
            </param>
          </params>
          <reporter-output>
            <line>
              <![CDATA[the login is successful https://www.amazon.ca/ap/signin]]>
            </line>
          </reporter-output>
        </test-method> <!-- validEmailValidPassword -->
        <test-method signature="validateMobilePrice()[pri:8, instance:test.LoginValidation@1ddf84b8]" started-at="2022-02-12T05:44:56 EST" name="validateMobilePrice" finished-at="2022-02-12T05:45:04 EST" duration-ms="7197" status="PASS">
          <reporter-output>
            <line>
              <![CDATA[this is the actual price$429.00]]>
            </line>
          </reporter-output>
        </test-method> <!-- validateMobilePrice -->
        <test-method signature="validateDeliveryPincode()[pri:9, instance:test.LoginValidation@1ddf84b8]" started-at="2022-02-12T05:45:04 EST" name="validateDeliveryPincode" finished-at="2022-02-12T05:45:08 EST" duration-ms="3972" status="FAIL">
          <exception class="java.lang.AssertionError">
            <message>
              <![CDATA[this is not the pin expected [true] but found [false]]]>
            </message>
            <full-stacktrace>
              <![CDATA[java.lang.AssertionError: this is not the pin expected [true] but found [false]
at org.testng.Assert.fail(Assert.java:99)
at org.testng.Assert.failNotEquals(Assert.java:1037)
at org.testng.Assert.assertTrue(Assert.java:45)
at test.LoginValidation.validateDeliveryPincode(LoginValidation.java:115)
at java.base/jdk.internal.reflect.NativeMethodAccessorImpl.invoke0(Native Method)
at java.base/jdk.internal.reflect.NativeMethodAccessorImpl.invoke(NativeMethodAccessorImpl.java:77)
at java.base/jdk.internal.reflect.DelegatingMethodAccessorImpl.invoke(DelegatingMethodAccessorImpl.java:43)
at java.base/java.lang.reflect.Method.invoke(Method.java:568)
at org.testng.internal.MethodInvocationHelper.invokeMethod(MethodInvocationHelper.java:133)
at org.testng.internal.TestInvoker.invokeMethod(TestInvoker.java:598)
at org.testng.internal.TestInvoker.invokeTestMethod(TestInvoker.java:173)
at org.testng.internal.MethodRunner.runInSequence(MethodRunner.java:46)
at org.testng.internal.TestInvoker$MethodInvocationAgent.invoke(TestInvoker.java:824)
at org.testng.internal.TestInvoker.invokeTestMethods(TestInvoker.java:146)
at org.testng.internal.TestMethodWorker.invokeTestMethods(TestMethodWorker.java:146)
at org.testng.internal.TestMethodWorker.run(TestMethodWorker.java:128)
at java.base/java.util.ArrayList.forEach(ArrayList.java:1511)
at org.testng.TestRunner.privateRun(TestRunner.java:794)
at org.testng.TestRunner.run(TestRunner.java:596)
at org.testng.SuiteRunner.runTest(SuiteRunner.java:377)
at org.testng.SuiteRunner.runSequentially(SuiteRunner.java:371)
at org.testng.SuiteRunner.privateRun(SuiteRunner.java:332)
at org.testng.SuiteRunner.run(SuiteRunner.java:276)
at org.testng.SuiteRunnerWorker.runSuite(SuiteRunnerWorker.java:53)
at org.testng.SuiteRunnerWorker.run(SuiteRunnerWorker.java:96)
at org.testng.TestNG.runSuitesSequentially(TestNG.java:1212)
at org.testng.TestNG.runSuitesLocally(TestNG.java:1134)
at org.testng.TestNG.runSuites(TestNG.java:1063)
at org.testng.TestNG.run(TestNG.java:1031)
at org.testng.remote.AbstractRemoteTestNG.run(AbstractRemoteTestNG.java:115)
at org.testng.remote.RemoteTestNG.initAndRun(RemoteTestNG.java:251)
at org.testng.remote.RemoteTestNG.main(RemoteTestNG.java:77)
]]>
            </full-stacktrace>
          </exception> <!-- java.lang.AssertionError -->
          <reporter-output>
          </reporter-output>
        </test-method> <!-- validateDeliveryPincode -->
        <test-method signature="validateIframe()[pri:10, instance:test.LoginValidation@1ddf84b8]" started-at="2022-02-12T05:45:08 EST" name="validateIframe" finished-at="2022-02-12T05:45:13 EST" duration-ms="5150" status="FAIL">
          <exception class="org.openqa.selenium.NoSuchElementException">
            <message>
              <![CDATA[no such element: Unable to locate element: {"method":"xpath","selector":"//a[@class='a-link-normal sp_hqp_shared_adLink a-text-normal']"}
  (Session info: chrome=98.0.4758.82)
For documentation on this error, please visit: https://www.seleniumhq.org/exceptions/no_such_element.html
Build info: version: '3.141.59', revision: 'e82be7d358', time: '2018-11-14T08:17:03'
System info: host: 'LAPTOP-EMDLV1KE', ip: '10.0.0.110', os.name: 'Windows 10', os.arch: 'amd64', os.version: '10.0', java.version: '17.0.1'
Driver info: org.openqa.selenium.chrome.ChromeDriver
Capabilities {acceptInsecureCerts: false, browserName: chrome, browserVersion: 98.0.4758.82, chrome: {chromedriverVersion: 97.0.4692.71 (adefa7837d02a..., userDataDir: C:\Users\pavit\AppData\Loca...}, goog:chromeOptions: {debuggerAddress: localhost:55227}, javascriptEnabled: true, networkConnectionEnabled: false, pageLoadStrategy: normal, platform: WINDOWS, platformName: WINDOWS, proxy: Proxy(), setWindowRect: true, strictFileInteractability: false, timeouts: {implicit: 0, pageLoad: 300000, script: 30000}, unhandledPromptBehavior: dismiss and notify, webauthn:extension:credBlob: true, webauthn:extension:largeBlob: true, webauthn:virtualAuthenticators: true}
Session ID: ead7012aded261417b63d1c40070b41d
*** Element info: {Using=xpath, value=//a[@class='a-link-normal sp_hqp_shared_adLink a-text-normal']}]]>
            </message>
            <full-stacktrace>
              <![CDATA[org.openqa.selenium.NoSuchElementException: no such element: Unable to locate element: {"method":"xpath","selector":"//a[@class='a-link-normal sp_hqp_shared_adLink a-text-normal']"}
  (Session info: chrome=98.0.4758.82)
For documentation on this error, please visit: https://www.seleniumhq.org/exceptions/no_such_element.html
Build info: version: '3.141.59', revision: 'e82be7d358', time: '2018-11-14T08:17:03'
System info: host: 'LAPTOP-EMDLV1KE', ip: '10.0.0.110', os.name: 'Windows 10', os.arch: 'amd64', os.version: '10.0', java.version: '17.0.1'
Driver info: org.openqa.selenium.chrome.ChromeDriver
Capabilities {acceptInsecureCerts: false, browserName: chrome, browserVersion: 98.0.4758.82, chrome: {chromedriverVersion: 97.0.4692.71 (adefa7837d02a..., userDataDir: C:\Users\pavit\AppData\Loca...}, goog:chromeOptions: {debuggerAddress: localhost:55227}, javascriptEnabled: true, networkConnectionEnabled: false, pageLoadStrategy: normal, platform: WINDOWS, platformName: WINDOWS, proxy: Proxy(), setWindowRect: true, strictFileInteractability: false, timeouts: {implicit: 0, pageLoad: 300000, script: 30000}, unhandledPromptBehavior: dismiss and notify, webauthn:extension:credBlob: true, webauthn:extension:largeBlob: true, webauthn:virtualAuthenticators: true}
Session ID: ead7012aded261417b63d1c40070b41d
*** Element info: {Using=xpath, value=//a[@class='a-link-normal sp_hqp_shared_adLink a-text-normal']}
at java.base/jdk.internal.reflect.NativeConstructorAccessorImpl.newInstance0(Native Method)
at java.base/jdk.internal.reflect.NativeConstructorAccessorImpl.newInstance(NativeConstructorAccessorImpl.java:77)
at java.base/jdk.internal.reflect.DelegatingConstructorAccessorImpl.newInstance(DelegatingConstructorAccessorImpl.java:45)
at java.base/java.lang.reflect.Constructor.newInstanceWithCaller(Constructor.java:499)
at java.base/java.lang.reflect.Constructor.newInstance(Constructor.java:480)
at org.openqa.selenium.remote.http.W3CHttpResponseCodec.createException(W3CHttpResponseCodec.java:187)
at org.openqa.selenium.remote.http.W3CHttpResponseCodec.decode(W3CHttpResponseCodec.java:122)
at org.openqa.selenium.remote.http.W3CHttpResponseCodec.decode(W3CHttpResponseCodec.java:49)
at org.openqa.selenium.remote.HttpCommandExecutor.execute(HttpCommandExecutor.java:158)
at org.openqa.selenium.remote.service.DriverCommandExecutor.execute(DriverCommandExecutor.java:83)
at org.openqa.selenium.remote.RemoteWebDriver.execute(RemoteWebDriver.java:552)
at org.openqa.selenium.remote.RemoteWebDriver.findElement(RemoteWebDriver.java:323)
at org.openqa.selenium.remote.RemoteWebDriver.findElementByXPath(RemoteWebDriver.java:428)
at org.openqa.selenium.By$ByXPath.findElement(By.java:353)
at org.openqa.selenium.remote.RemoteWebDriver.findElement(RemoteWebDriver.java:315)
at org.openqa.selenium.support.pagefactory.DefaultElementLocator.findElement(DefaultElementLocator.java:69)
at org.openqa.selenium.support.pagefactory.internal.LocatingElementHandler.invoke(LocatingElementHandler.java:38)
at jdk.proxy2/jdk.proxy2.$Proxy14.click(Unknown Source)
at pom.NavigateActions.iframeClickAction(NavigateActions.java:229)
at test.LoginValidation.validateIframe(LoginValidation.java:126)
at java.base/jdk.internal.reflect.NativeMethodAccessorImpl.invoke0(Native Method)
at java.base/jdk.internal.reflect.NativeMethodAccessorImpl.invoke(NativeMethodAccessorImpl.java:77)
at java.base/jdk.internal.reflect.DelegatingMethodAccessorImpl.invoke(DelegatingMethodAccessorImpl.java:43)
at java.base/java.lang.reflect.Method.invoke(Method.java:568)
at org.testng.internal.MethodInvocationHelper.invokeMethod(MethodInvocationHelper.java:133)
at org.testng.internal.TestInvoker.invokeMethod(TestInvoker.java:598)
at org.testng.internal.TestInvoker.invokeTestMethod(TestInvoker.java:173)
at org.testng.internal.MethodRunner.runInSequence(MethodRunner.java:46)
at org.testng.internal.TestInvoker$MethodInvocationAgent.invoke(TestInvoker.java:824)
at org.testng.internal.TestInvoker.invokeTestMethods(TestInvoker.java:146)
at org.testng.internal.TestMethodWorker.invokeTestMethods(TestMethodWorker.java:146)
at org.testng.internal.TestMethodWorker.run(TestMethodWorker.java:128)
at java.base/java.util.ArrayList.forEach(ArrayList.java:1511)
at org.testng.TestRunner.privateRun(TestRunner.java:794)
at org.testng.TestRunner.run(TestRunner.java:596)
at org.testng.SuiteRunner.runTest(SuiteRunner.java:377)
at org.testng.SuiteRunner.runSequentially(SuiteRunner.java:371)
at org.testng.SuiteRunner.privateRun(SuiteRunner.java:332)
at org.testng.SuiteRunner.run(SuiteRunner.java:276)
at org.testng.SuiteRunnerWorker.runSuite(SuiteRunnerWorker.java:53)
at org.testng.SuiteRunnerWorker.run(SuiteRunnerWorker.java:96)
at org.testng.TestNG.runSuitesSequentially(TestNG.java:1212)
at org.testng.TestNG.runSuitesLocally(TestNG.java:1134)
at org.testng.TestNG.runSuites(TestNG.java:1063)
at org.testng.TestNG.run(TestNG.java:1031)
at org.testng.remote.AbstractRemoteTestNG.run(AbstractRemoteTestNG.java:115)
at org.testng.remote.RemoteTestNG.initAndRun(RemoteTestNG.java:251)
at org.testng.remote.RemoteTestNG.main(RemoteTestNG.java:77)
]]>
            </full-stacktrace>
          </exception> <!-- org.openqa.selenium.NoSuchElementException -->
          <reporter-output>
          </reporter-output>
        </test-method> <!-- validateIframe -->
      </class> <!-- test.LoginValidation -->
      <class name="test.Baseclass">
        <test-method is-config="true" signature="beforeSuite()[pri:0, instance:test.Baseclass@10e41621]" started-at="2022-02-12T05:44:34 EST" name="beforeSuite" finished-at="2022-02-12T05:44:39 EST" duration-ms="5064" status="PASS">
          <reporter-output>
          </reporter-output>
        </test-method> <!-- beforeSuite -->
        <test-method is-config="true" signature="afterSuite()[pri:0, instance:test.Baseclass@10e41621]" started-at="2022-02-12T05:45:13 EST" name="afterSuite" finished-at="2022-02-12T05:45:13 EST" duration-ms="299" status="PASS">
          <reporter-output>
          </reporter-output>
        </test-method> <!-- afterSuite -->
      </class> <!-- test.Baseclass -->
    </test> <!-- Test -->
  </suite> <!-- Suite -->
</testng-results>
